<?xml version="1.0" encoding="UTF-8"?>
<testsuite xmlns:xsi="http://www.w3.org/2001/XMLSchema-instance" xsi:noNamespaceSchemaLocation="https://maven.apache.org/surefire/maven-surefire-plugin/xsd/surefire-test-report-3.0.xsd" version="3.0" name="tests.TransferTest" time="23.344" tests="1" errors="0" skipped="0" failures="0">
  <properties>
[...]
</properties>
  <testcase name="e2e_transfer_test" classname="tests.TransferTest" time="23.328">
    <system-out><![CDATA[DEBUG: Intentando guardar en -> C:\Users\vyrte\litebank-automation-1\target\screenshots\1780039042681_1_inicio_app.png
Evidencia guardada exitosamente.
DEBUG: Intentando guardar en -> C:\Users\vyrte\litebank-automation-1\target\screenshots\1780039042938_2_despues_de_click.png
Evidencia guardada exitosamente.
DEBUG: Intentando guardar en -> C:\Users\vyrte\litebank-automation-1\target\screenshots\1780039063354_3_estado_final.png
Evidencia guardada exitosamente.
]]></system-out>
    <system-err><![CDATA[may 29, 2026 1:17:22 A. M. org.openqa.selenium.devtools.CdpVersionFinder findNearestMatch
WARNING: Unable to find CDP implementation matching 148
may 29, 2026 1:17:22 A. M. org.openqa.selenium.chromium.ChromiumDriver lambda$new$4
WARNING: Unable to find version of CDP to use for 148.0.7778.179. You may need to include a dependency on a specific version of the CDP using something similar to `org.seleniumhq.selenium:selenium-devtools-v86:4.30.0` where the version ("v86") matches the version of the chromium-based browser you're using and the version number of the artifact is the same as Selenium's.
]]></system-err>
  </testcase>
</testsuite>